
xv6 kernel is booting

hart 2 starting
hart 1 starting
page table 0x0000000087f6c000
..0: pte 0x0000000021fda001 pa 0x0000000087f68000
.. ..0: pte 0x0000000021fd9c01 pa 0x0000000087f67000
.. .. ..0: pte 0x0000000021fda41b pa 0x0000000087f69000
.. .. ..1: pte 0x0000000021fd9817 pa 0x0000000087f66000
.. .. ..2: pte 0x0000000021fd9407 pa 0x0000000087f65000
.. .. ..3: pte 0x0000000021fd9017 pa 0x0000000087f64000
..255: pte 0x0000000021fdac01 pa 0x0000000087f6b000
.. ..511: pte 0x0000000021fda801 pa 0x0000000087f6a000
.. .. ..510: pte 0x0000000021fdd007 pa 0x0000000087f74000
.. .. ..511: pte 0x0000000020001c0b pa 0x0000000080007000
init: starting sh
$ usertests
usertests starting
test copyin: OK
test copyout: OK
test copyinstr1: OK
test copyinstr2: OK
test copyinstr3: OK
test rwsbrk: OK
test truncate1: OK
test truncate2: OK
test truncate3: OK
test openiput: OK
test exitiput: OK
test iput: OK
test opentest: OK
test writetest: OK
test writebig: OK
test createtest: OK
test dirtest: OK
test exectest: OK
test pipe1: OK
test killstatus: OK
test preempt: kill... wait... OK
test exitwait: OK
test reparent: OK
test twochildren: OK
test forkfork: OK
test forkforkfork: OK
test reparent2: OK
test mem: OK
test sharedfd: OK
test fourfiles: OK
test createdelete: OK
test unlinkread: OK
test linktest: OK
test concreate: OK
test linkunlink: OK
test subdir: OK
test bigwrite: OK
test bigfile: OK
test fourteen: OK
test rmdot: OK
test dirfile: OK
test iref: OK
test forktest: OK
test sbrkbasic: OK
test sbrkmuch: OK
test kernmem: OK
test MAXVAplus: OK
test sbrkfail: OK
test sbrkarg: OK
test validatetest: OK
test bsstest: OK
test bigargtest: OK
test argptest: OK
test stacktest: OK
test textwrite: OK
test pgbug: OK
test sbrkbugs: usertrap(): unexpected scause 0x000000000000000c pid=6566
            sepc=0x0000000000005c4e stval=0x0000000000005c4e
usertrap(): unexpected scause 0x000000000000000c pid=6567
            sepc=0x0000000000005c4e stval=0x0000000000005c4e
OK
test sbrklast: OK
test sbrk8000: OK
test badarg: OK
usertests slow tests starting
test bigdir: OK
test manywrites: OK
test badwrite: qemu-system-riscv64: terminating on signal 15 from pid 143794 (make)
